Copyright 1986-2020 Xilinx, Inc. All Rights Reserved.
---------------------------------------------------------------------------------------
| Tool Version : Vivado v.2020.2 (win64) Build 3064766 Wed Nov 18 09:12:45 MST 2020
| Date         : Sat Apr 18 14:59:23 2026
| Host         : DESKTOP-7CFQ9ND running 64-bit major release  (build 9200)
| Command      : report_control_sets -verbose -file master_top_control_sets_placed.rpt
| Design       : master_top
| Device       : xc7a35t
---------------------------------------------------------------------------------------

Control Set Information

Table of Contents
-----------------
1. Summary
2. Histogram
3. Flip-Flop Distribution
4. Detailed Control Set Information

1. Summary
----------

+----------------------------------------------------------+-------+
|                          Status                          | Count |
+----------------------------------------------------------+-------+
| Total control sets                                       |    10 |
|    Minimum number of control sets                        |    10 |
|    Addition due to synthesis replication                 |     0 |
|    Addition due to physical synthesis replication        |     0 |
| Unused register locations in slices containing registers |    36 |
+----------------------------------------------------------+-------+
* Control sets can be merged at opt_design using control_set_merge or merge_equivalent_drivers
** Run report_qor_suggestions for automated merging and remapping suggestions


2. Histogram
------------

+--------------------+-------+
|       Fanout       | Count |
+--------------------+-------+
| Total control sets |    10 |
| >= 0 to < 4        |     3 |
| >= 4 to < 6        |     1 |
| >= 6 to < 8        |     0 |
| >= 8 to < 10       |     5 |
| >= 10 to < 12      |     0 |
| >= 12 to < 14      |     0 |
| >= 14 to < 16      |     0 |
| >= 16              |     1 |
+--------------------+-------+
* Control sets can be remapped at either synth_design or opt_design


3. Flip-Flop Distribution
-------------------------

+--------------+-----------------------+------------------------+-----------------+--------------+
| Clock Enable | Synchronous Set/Reset | Asynchronous Set/Reset | Total Registers | Total Slices |
+--------------+-----------------------+------------------------+-----------------+--------------+
| No           | No                    | No                     |               0 |            0 |
| No           | No                    | Yes                    |              29 |           12 |
| No           | Yes                   | No                     |               0 |            0 |
| Yes          | No                    | No                     |               0 |            0 |
| Yes          | No                    | Yes                    |              47 |           13 |
| Yes          | Yes                   | No                     |               0 |            0 |
+--------------+-----------------------+------------------------+-----------------+--------------+


4. Detailed Control Set Information
-----------------------------------

+----------------------------------------+------------------------------------------+------------------+------------------+----------------+--------------+
|              Clock Signal              |               Enable Signal              | Set/Reset Signal | Slice Load Count | Bel Load Count | Bels / Slice |
+----------------------------------------+------------------------------------------+------------------+------------------+----------------+--------------+
|  clk_IBUF_BUFG                         | U_SPI_MASTER/mosi_i_1_n_0                | reset_IBUF       |                1 |              1 |         1.00 |
|  clk_IBUF_BUFG                         | U_SPI_MASTER/ss_n_i_1_n_0                | reset_IBUF       |                1 |              1 |         1.00 |
|  U_SPI_MASTER/U_FND_CTRL/U_CLK_DIV/CLK |                                          | reset_IBUF       |                1 |              2 |         2.00 |
|  clk_IBUF_BUFG                         | U_SPI_MASTER/FSM_onehot_state[3]_i_1_n_0 | reset_IBUF       |                1 |              4 |         4.00 |
|  clk_IBUF_BUFG                         | U_SPI_MASTER/done                        | reset_IBUF       |                1 |              8 |         8.00 |
|  clk_IBUF_BUFG                         | U_SPI_MASTER/FSM_onehot_state[3]_i_2_n_0 | reset_IBUF       |                2 |              8 |         4.00 |
|  clk_IBUF_BUFG                         | U_SPI_MASTER/rx_data[7]_i_1_n_0          | reset_IBUF       |                2 |              8 |         4.00 |
|  clk_IBUF_BUFG                         | U_SPI_MASTER/tx_shift_reg                | reset_IBUF       |                3 |              8 |         2.67 |
|  clk_IBUF_BUFG                         | U_SPI_MASTER/div_cnt                     | reset_IBUF       |                2 |              9 |         4.50 |
|  clk_IBUF_BUFG                         |                                          | reset_IBUF       |               11 |             27 |         2.45 |
+----------------------------------------+------------------------------------------+------------------+------------------+----------------+--------------+


